2025-03-20T11:59:51+0100 INFO: totd_pattern_group written to pattern_dings.txt
2025-03-20T11:59:51+0100 INFO: discovery_pattern_group written to discovery_pattern_group.txt
2025-03-20T11:59:51+0100 INFO: competition_pattern_group written to competition_pattern_group.txt
2025-03-20T11:59:52+0100 WARNING: Unmatched map name: OPSwayPKHn8RxqWg8Iyvx254jnj | Summer 2021 - 21 | sanitized: Summer 2021 - 21 | totd: False | discovery: {}
2025-03-20T11:59:53+0100 WARNING: Unmatched map name: 8ytSRZ5awE5CFRwbmD__ZEsU2o5 | Training - 09 | sanitized: Training - 09 | totd: False | discovery: {}
2025-03-20T11:59:53+0100 WARNING: Unmatched map name: oxioID1Yt6eE4qhqQlfVi0x_Vu2 | Fall 2021 - 19 | sanitized: Fall 2021 - 19 | totd: False | discovery: {}
2025-03-20T11:59:54+0100 WARNING: Unmatched map name: o4ah5HrqlDdu6aBTx2LVSF_Njdh | Summer 2021 - 15 | sanitized: Summer 2021 - 15 | totd: False | discovery: {}
2025-03-20T11:59:54+0100 WARNING: Unmatched map name: pEaFOgrDzyz6GzlWBuR9Ojv97ej | Summer 2021 - 22 | sanitized: Summer 2021 - 22 | totd: False | discovery: {}
2025-03-20T11:59:55+0100 WARNING: Unmatched map name: ZQIZuWQRHLk_8Glh1LlH6HFXVo8 | Fall 2021 - 23 | sanitized: Fall 2021 - 23 | totd: False | discovery: {}
2025-03-20T11:59:56+0100 WARNING: Unmatched map name: aDIi5yS0Duvv_kcq7tGbbFC3KWk | $i$s$f75W$fffinterberg (SC) | sanitized: Winterberg (SC) | totd: False | discovery: {}
2025-03-20T11:59:56+0100 WARNING: Unmatched map name: TRixW53QVKotu450VTT3vgvRCBg | $a8a$ot$b9be$cacf$dbdl$eceo$fdfn $fffV2 bonkfest | sanitized: teflon V2 bonkfest | totd: False | discovery: {}
2025-03-20T11:59:57+0100 WARNING: Unmatched map name: 8NB6FDBQ349CleGEGvCGvjQ7xR2 | Summer 2021 - 18 | sanitized: Summer 2021 - 18 | totd: False | discovery: {}
2025-03-20T11:59:59+0100 WARNING: Unmatched map name: F4Dd1w95zj9DqcICqtMY14Vcmib | Summer 2021 - 17 | sanitized: Summer 2021 - 17 | totd: False | discovery: {}
2025-03-20T11:59:59+0100 WARNING: Unmatched map name: 6ktBl2_M6diV0qedChCkNM7f4Qg | Summer 2021 - 20 | sanitized: Summer 2021 - 20 | totd: False | discovery: {}
2025-03-20T12:00:01+0100 WARNING: Unmatched map name: vEYHgVm7ePt6yV3vJLiZvalNAsj | Summer 2021 - 19 | sanitized: Summer 2021 - 19 | totd: False | discovery: {}
2025-03-20T12:00:06+0100 WARNING: Unmatched map name: q775zACzMA9fKYNTLkvDDacZdWl | Summer 2021 - 24 | sanitized: Summer 2021 - 24 | totd: False | discovery: {}
2025-03-20T12:00:11+0100 WARNING: Unmatched map name: F2aLKEFJDUmtgWK2Yxv5o1dXjD4 | Training - 15 | sanitized: Training - 15 | totd: False | discovery: {}
2025-03-20T12:00:14+0100 WARNING: Unmatched map name: _B7ETXz_3ROU82GU_WVe_BPM5em | Fall 2021 - 14 | sanitized: Fall 2021 - 14 | totd: False | discovery: {}
2025-03-20T12:00:14+0100 WARNING: Unmatched map name: oCiN8eTZJSAQlGVU6llZ0_EgkF0 | Summer 2021 - 25 | sanitized: Summer 2021 - 25 | totd: False | discovery: {}
2025-03-20T12:00:25+0100 WARNING: Unmatched map name: u3bBenzNzy7a1_JfChfcV1k3awk | Fall 2022 - 25 | sanitized: Fall 2022 - 25 | totd: False | discovery: {}
2025-03-20T12:00:38+0100 WARNING: Unmatched map name: JjjXVZTtMkdUOpbUFjnQ_GbLume | Fall 2024 - 18 | sanitized: Fall 2024 - 18 | totd: False | discovery: {}
2025-03-20T12:00:38+0100 WARNING: Unmatched map name: WwZQWVwZ9Z6I1L8GKpyo_A0hJFa | Summer 2021 - 14 | sanitized: Summer 2021 - 14 | totd: False | discovery: {}
2025-03-20T12:00:40+0100 WARNING: Unmatched map name: WeKUG3qIioEejmQhKG6LG4ez1_k | AutoCross - Multilap | sanitized: AutoCross - Multilap | totd: False | discovery: {}
2025-03-20T12:00:42+0100 WARNING: Unmatched map name: adJt5N4EL1LnqcU6rucvtcPwvf1 | Training - 05 | sanitized: Training - 05 | totd: False | discovery: {}
2025-03-20T12:00:46+0100 WARNING: Unmatched map name: X04Pf0WU358lIzO4ADzATA7pPq7 | Winter 2025 - 20 (Very Hidden Finish) | sanitized: Winter 2025 - 20 (Very Hidden Finish) | totd: False | discovery: {}
2025-03-20T12:00:49+0100 WARNING: Unmatched map name: KpWhkKj2kA9dCiAqd5NAjx3Ige5 | WetDesert Wood Waterless | sanitized: WetDesert Wood Waterless | totd: False | discovery: {}
2025-03-20T12:00:49+0100 WARNING: Unmatched map name: uhy7g070KdefWB6g_6mQqwZIH1n | Summer 2021 - 01 | sanitized: Summer 2021 - 01 | totd: False | discovery: {}
2025-03-20T12:00:51+0100 WARNING: Unmatched map name: vbAUP5qtnamgqQJhsAwneJkEEt3 | IceBraker (Surfaculess) | sanitized: IceBraker (Surfaculess) | totd: False | discovery: {}
2025-03-20T12:00:51+0100 WARNING: Unmatched map name: IlH11X_itFg4ZOwJ_26diKg5Jc2 | Polaris (MTC) (1-Forward | sanitized: Polaris (MTC) (1-Forward | totd: False | discovery: {}
2025-03-20T12:00:51+0100 WARNING: Unmatched map name: l6lAoQJtyb_58UIO4NI4Wc_x5_1 | $i$s$f75W$fffinterberg (RC) | sanitized: Winterberg (RC) | totd: False | discovery: {}
2025-03-20T12:00:52+0100 WARNING: Unmatched map name: rYhy5VZNuwY_9fFrEx61g0rEWq1 | PinkPlatform but it's no-steer | sanitized: PinkPlatform but it's no-steer | totd: False | discovery: {}
2025-03-20T12:00:54+0100 WARNING: Unmatched map name: ZrkFMigVNqAfibYhNweZx1_IUta | $F40$o$sM$F50an$F60go$F70 $F80Ta$F90ng$FA0o (Carswitch RC) | sanitized: Mango Tango (Carswitch RC) | totd: False | discovery: {}
2025-03-20T12:00:54+0100 WARNING: Unmatched map name: dTv9ps3D7Ggrm81_xp2uDvB98n4 | Winter 2022 - 04 | sanitized: Winter 2022 - 04 | totd: False | discovery: {}
2025-03-20T12:00:59+0100 WARNING: Unmatched map name: i0WB2XGB60TqUCSgAEhMNztXNXk | Fall 2024 - 25 Manslaugter | sanitized: Fall 2024 - 25 Manslaugter | totd: False | discovery: {}
2025-03-20T12:01:02+0100 WARNING: Unmatched map name: GMt6r8r_1l7UeaVmP_grnqTxP5e | Training - 19 (All Up 1) | sanitized: Training - 19 (All Up 1) | totd: False | discovery: {}
2025-03-20T12:01:03+0100 WARNING: Unmatched map name: 9SHOaoC9_O7eohgGi78Zy_3t580 | $F40$o$sM$F50an$F60go$F70 $F80Ta$F90ng$FA0o (CS-DessertCar) | sanitized: Mango Tango (CS-DessertCar) | totd: False | discovery: {}
2025-03-20T12:01:04+0100 WARNING: Unmatched map name: FxX7DtjShSvlzTAx_WR46l66JD5 | Fall 2024 - 01 (Wet Icy Wood Better End) | sanitized: Fall 2024 - 01 (Wet Icy Wood Better End) | totd: False | discovery: {}
2025-03-20T12:01:04+0100 WARNING: Unmatched map name: vGRsOv7FQ5RDQjXgxMOu5LuqVnl | Icy Stally | sanitized: Icy Stally | totd: False | discovery: {}
2025-03-20T12:01:05+0100 WARNING: Unmatched map name: NU5IGpe4RnOc2mpjD5ufuWC4EYm | Winter 2025 - 18 (UW Rerverse) | sanitized: Winter 2025 - 18 (UW Rerverse) | totd: False | discovery: {}
2025-03-20T12:01:08+0100 WARNING: Unmatched map name: 6OXraX8dcx_WRho_3e1VRp5CWOm | Fall 2024 - 24 But no Finish | sanitized: Fall 2024 - 24 But no Finish | totd: False | discovery: {}
2025-03-20T12:01:08+0100 WARNING: Unmatched map name: u3LObu0DmTKGUFR0vPEvKifM6Qm | Training - 09 Ring End | sanitized: Training - 09 Ring End | totd: False | discovery: {}
2025-03-20T12:01:09+0100 WARNING: Unmatched map name: uO2h8bb4PyDZvE440gRw0WOCL2c | Fall 2024 - 01 but PlatformTechLoopStartCurve0OutFull | sanitized: Fall 2024 - 01 but PlatformTechLoopStartCurve0OutFull | totd: False | discovery: {}
2025-03-20T12:01:10+0100 WARNING: Unmatched map name: fhDy4tReaiNZX3hZ0yYL6LPkgpi | $i$sU-Turn (Plastic) | sanitized: U-Turn (Plastic) | totd: False | discovery: {}
2025-03-20T12:01:11+0100 WARNING: Unmatched map name: AyQ5Vtgdv_vPxOBgM3vplJFhYNd | $<Arena$> - CarDesert | sanitized: Arena - CarDesert | totd: False | discovery: {}
2025-03-20T12:01:12+0100 WARNING: Unmatched map name: YsAbWCDxmoQlTucpBfTpzptL4ke | Forest but you finish in the small hole | sanitized: Forest but you finish in the small hole | totd: False | discovery: {}
2025-03-20T12:01:12+0100 WARNING: Unmatched map name: jNaJNZuVawcZgcdXuGBVt3inAhd | Plastic Fall 2024 - 22 (Kek_DreamZ) | sanitized: Plastic Fall 2024 - 22 (Kek_DreamZ) | totd: False | discovery: {}
2025-03-20T12:01:12+0100 WARNING: Unmatched map name: UKF6XvNLcC9CTJLYsetH4DC2qXm | Fall 2024 - 24 But no Start and no Finish | sanitized: Fall 2024 - 24 But no Start and no Finish | totd: False | discovery: {}
2025-03-20T12:01:18+0100 INFO: Parsed data written to parsed_map_data.json
